2023-07-03 08:16:12 info: =================================
2023-07-03 08:16:12 info: ======= ENV: development =======
2023-07-03 08:16:12 info: 🚀 App listening on the port 3000
2023-07-03 08:16:12 info: =================================
2023-07-03 08:16:58 info: ======= ENV: development =======
2023-07-03 08:16:58 info: 🚀 App listening on the port 3000
2023-07-03 08:17:25 info: ENV: development
2023-07-03 08:17:25 info: 🚀 App listening on the port 3000
2023-07-03 08:18:07 info: ENV: development
2023-07-03 08:18:07 info: 🚀 App listening on the port 3000
2023-07-03 08:18:18 info: ENV: development
2023-07-03 08:18:18 info: 🚀 App listening on the port 3000
2023-07-03 08:20:36 info: ENV: development
2023-07-03 08:20:36 info: 🚀 App listening on the port 3000
2023-07-03 08:20:54 info: ENV: development
2023-07-03 08:20:54 info: 🚀 App listening on the port 3000
2023-07-03 08:24:57 info: ENV: development
2023-07-03 08:24:57 info: 🚀 App listening on the port 3000
2023-07-03 08:32:22 info: ENV: development
2023-07-03 08:32:22 info: 🚀 App listening on the port 3000
2023-07-03 08:32:35 info: [0mGET / [33m404[0m 8.905 ms - 139[0m
2023-07-03 08:32:42 info: [0mGET /api-docs/ [32m200[0m 12.279 ms - -[0m
2023-07-03 08:32:43 info: [0mGET /api-docs/swagger-ui.css [32m200[0m 6.078 ms - -[0m
2023-07-03 08:32:43 info: [0mGET /api-docs/swagger-ui-init.js [32m200[0m 1.117 ms - -[0m
2023-07-03 08:32:43 info: [0mGET /api-docs/swagger-ui-standalone-preset.js [32m200[0m 20.719 ms - -[0m
2023-07-03 08:32:43 info: [0mGET /api-docs/swagger-ui-bundle.js [32m200[0m 15.643 ms - -[0m
2023-07-03 08:32:44 info: [0mGET /api-docs/favicon-16x16.png [32m200[0m 3.770 ms - 665[0m
2023-07-03 08:33:46 info: ENV: development
2023-07-03 08:33:46 info: 🚀 App listening on the port 3000
2023-07-03 08:33:52 info: [0mGET /api-docs/ [36m304[0m 10.481 ms - -[0m
2023-07-03 08:33:52 info: [0mGET /api-docs/swagger-ui.css [36m304[0m 9.002 ms - -[0m
2023-07-03 08:33:52 info: [0mGET /api-docs/swagger-ui-bundle.js [36m304[0m 7.414 ms - -[0m
2023-07-03 08:33:52 info: [0mGET /api-docs/swagger-ui-standalone-preset.js [36m304[0m 9.321 ms - -[0m
2023-07-03 08:33:52 info: [0mGET /api-docs/swagger-ui-init.js [32m200[0m 7.180 ms - -[0m
2023-07-03 08:34:03 info: [0mGET /users [32m200[0m 144.226 ms - 31[0m
